-------------------------------------------------------------------------------
Test set: com.ideationstorm.com.ideationstorm.IdeationstormApplicationTests
-------------------------------------------------------------------------------
Tests run: 1, Failures: 0, Errors: 1, Skipped: 0, Time elapsed: 1.849 s <<< FAILURE! - in com.ideationstorm.com.ideationstorm.IdeationstormApplicationTests
contextLoads  Time elapsed: 0.001 s  <<< ERROR!
java.lang.IllegalStateException: Failed to load ApplicationContext for [WebMergedContextConfiguration@3ea84e01 testClass = com.ideationstorm.com.ideationstorm.IdeationstormApplicationTests, locations = [], classes = [com.ideationstorm.com.ideationstorm.IdeationstormApplication], contextInitializerClasses = [], activeProfiles = [], propertySourceLocations = [], propertySourceProperties = ["org.springframework.boot.test.context.SpringBootTestContextBootstrapper=true"], contextCustomizers = [org.springframework.boot.test.context.filter.ExcludeFilterContextCustomizer@41fecb8b, org.springframework.boot.test.json.DuplicateJsonObjectContextCustomizerFactory$DuplicateJsonObjectContextCustomizer@cad498c, org.springframework.boot.test.mock.mockito.MockitoContextCustomizer@0, org.springframework.boot.test.web.client.TestRestTemplateContextCustomizer@6c130c45, org.springframework.boot.test.autoconfigure.actuate.observability.ObservabilityContextCustomizerFactory$DisableObservabilityContextCustomizer@9da1, org.springframework.boot.test.autoconfigure.properties.PropertyMappingContextCustomizer@0, org.springframework.boot.test.autoconfigure.web.servlet.WebDriverContextCustomizerFactory$Customizer@429bffaa, org.springframework.boot.test.context.SpringBootTestAnnotation@cb0a950f], resourceBasePath = "src/main/webapp", contextLoader = org.springframework.boot.test.context.SpringBootContextLoader, parent = null]
Caused by: org.springframework.beans.factory.BeanCreationException: Error creating bean with name 'entityManagerFactory' defined in class path resource [org/springframework/boot/autoconfigure/orm/jpa/HibernateJpaConfiguration.class]: Cannot invoke "org.hibernate.mapping.PersistentClass.getTable()" because "classMapping" is null
Caused by: java.lang.NullPointerException: Cannot invoke "org.hibernate.mapping.PersistentClass.getTable()" because "classMapping" is null

